[1/14] Building C object CMakeFiles\OpenGLGame2.dir\src\glad.c.obj
FAILED: CMakeFiles/OpenGLGame2.dir/src/glad.c.obj 
D:\vs\vs2022\VC\Tools\MSVC\14.42.34433\bin\Hostx64\x64\cl.exe  /nologo  -ID:\CLionPro\CLionProjects\OpengLGame2\include -ID:\CLionPro\CLionProjects\OpengLGame2\src -ID:\CLionPro\CLionProjects\OpengLGame2\3rd\glfw3\include -ID:\CLionPro\CLionProjects\OpengLGame2\3rd\assimp\include -ID:\CLionPro\CLionProjects\OpengLGame2\3rd\freetype\include -ID:\CLionPro\CLionProjects\OpengLGame2\3rd\imgui\include /DWIN32 /D_WINDOWS /Ob0 /Od /RTC1 -MDd -Zi /showIncludes /FoCMakeFiles\OpenGLGame2.dir\src\glad.c.obj /FdCMakeFiles\OpenGLGame2.dir\ /FS -c D:\CLionPro\CLionProjects\OpengLGame2\src\glad.c
D:\CLionPro\CLionProjects\OpengLGame2\src\glad.c(22): fatal error C1083: 无法打开包括文件: “stdio.h”: No such file or directory
[2/14] Building CXX object CMakeFiles\OpenGLGame2.dir\src\collisionDetector.cpp.obj
FAILED: CMakeFiles/OpenGLGame2.dir/src/collisionDetector.cpp.obj 
D:\vs\vs2022\VC\Tools\MSVC\14.42.34433\bin\Hostx64\x64\cl.exe  /nologo /TP  -ID:\CLionPro\CLionProjects\OpengLGame2\include -ID:\CLionPro\CLionProjects\OpengLGame2\src -ID:\CLionPro\CLionProjects\OpengLGame2\3rd\glfw3\include -ID:\CLionPro\CLionProjects\OpengLGame2\3rd\assimp\include -ID:\CLionPro\CLionProjects\OpengLGame2\3rd\freetype\include -ID:\CLionPro\CLionProjects\OpengLGame2\3rd\imgui\include /DWIN32 /D_WINDOWS /EHsc /Ob0 /Od /RTC1 -MDd -Zi /showIncludes /FoCMakeFiles\OpenGLGame2.dir\src\collisionDetector.cpp.obj /FdCMakeFiles\OpenGLGame2.dir\ /FS -c D:\CLionPro\CLionProjects\OpengLGame2\src\collisionDetector.cpp
D:\CLionPro\CLionProjects\OpengLGame2\src\collisionDetector.cpp(1): warning C4819: 该文件包含不能在当前代码页(936)中表示的字符。请将该文件保存为 Unicode 格式以防止数据丢失
D:\CLionPro\CLionProjects\OpengLGame2\include\glm\detail/_fixes.hpp(1): fatal error C1083: 无法打开包括文件: “cmath”: No such file or directory
[3/14] Building CXX object CMakeFiles\OpenGLGame2.dir\src\main.cpp.obj
FAILED: CMakeFiles/OpenGLGame2.dir/src/main.cpp.obj 
D:\vs\vs2022\VC\Tools\MSVC\14.42.34433\bin\Hostx64\x64\cl.exe  /nologo /TP  -ID:\CLionPro\CLionProjects\OpengLGame2\include -ID:\CLionPro\CLionProjects\OpengLGame2\src -ID:\CLionPro\CLionProjects\OpengLGame2\3rd\glfw3\include -ID:\CLionPro\CLionProjects\OpengLGame2\3rd\assimp\include -ID:\CLionPro\CLionProjects\OpengLGame2\3rd\freetype\include -ID:\CLionPro\CLionProjects\OpengLGame2\3rd\imgui\include /DWIN32 /D_WINDOWS /EHsc /Ob0 /Od /RTC1 -MDd -Zi /showIncludes /FoCMakeFiles\OpenGLGame2.dir\src\main.cpp.obj /FdCMakeFiles\OpenGLGame2.dir\ /FS -c D:\CLionPro\CLionProjects\OpengLGame2\src\main.cpp
D:\CLionPro\CLionProjects\OpengLGame2\src\main.cpp(1): fatal error C1083: 无法打开包括文件: “iostream”: No such file or directory
[4/14] Building CXX object CMakeFiles\OpenGLGame2.dir\src\skybox.cpp.obj
FAILED: CMakeFiles/OpenGLGame2.dir/src/skybox.cpp.obj 
D:\vs\vs2022\VC\Tools\MSVC\14.42.34433\bin\Hostx64\x64\cl.exe  /nologo /TP  -ID:\CLionPro\CLionProjects\OpengLGame2\include -ID:\CLionPro\CLionProjects\OpengLGame2\src -ID:\CLionPro\CLionProjects\OpengLGame2\3rd\glfw3\include -ID:\CLionPro\CLionProjects\OpengLGame2\3rd\assimp\include -ID:\CLionPro\CLionProjects\OpengLGame2\3rd\freetype\include -ID:\CLionPro\CLionProjects\OpengLGame2\3rd\imgui\include /DWIN32 /D_WINDOWS /EHsc /Ob0 /Od /RTC1 -MDd -Zi /showIncludes /FoCMakeFiles\OpenGLGame2.dir\src\skybox.cpp.obj /FdCMakeFiles\OpenGLGame2.dir\ /FS -c D:\CLionPro\CLionProjects\OpengLGame2\src\skybox.cpp
D:\CLionPro\CLionProjects\OpengLGame2\include\stb_image.h(369): fatal error C1083: 无法打开包括文件: “stdio.h”: No such file or directory
[5/14] Building CXX object CMakeFiles\OpenGLGame2.dir\src\imgui_impl_glfw.cpp.obj
FAILED: CMakeFiles/OpenGLGame2.dir/src/imgui_impl_glfw.cpp.obj 
D:\vs\vs2022\VC\Tools\MSVC\14.42.34433\bin\Hostx64\x64\cl.exe  /nologo /TP  -ID:\CLionPro\CLionProjects\OpengLGame2\include -ID:\CLionPro\CLionProjects\OpengLGame2\src -ID:\CLionPro\CLionProjects\OpengLGame2\3rd\glfw3\include -ID:\CLionPro\CLionProjects\OpengLGame2\3rd\assimp\include -ID:\CLionPro\CLionProjects\OpengLGame2\3rd\freetype\include -ID:\CLionPro\CLionProjects\OpengLGame2\3rd\imgui\include /DWIN32 /D_WINDOWS /EHsc /Ob0 /Od /RTC1 -MDd -Zi /showIncludes /FoCMakeFiles\OpenGLGame2.dir\src\imgui_impl_glfw.cpp.obj /FdCMakeFiles\OpenGLGame2.dir\ /FS -c D:\CLionPro\CLionProjects\OpengLGame2\src\imgui_impl_glfw.cpp
D:\CLionPro\CLionProjects\OpengLGame2\3rd\imgui\include\imgui.h(73): fatal error C1083: 无法打开包括文件: “float.h”: No such file or directory
[6/14] Building CXX object CMakeFiles\OpenGLGame2.dir\src\mShoot.cpp.obj
FAILED: CMakeFiles/OpenGLGame2.dir/src/mShoot.cpp.obj 
D:\vs\vs2022\VC\Tools\MSVC\14.42.34433\bin\Hostx64\x64\cl.exe  /nologo /TP  -ID:\CLionPro\CLionProjects\OpengLGame2\include -ID:\CLionPro\CLionProjects\OpengLGame2\src -ID:\CLionPro\CLionProjects\OpengLGame2\3rd\glfw3\include -ID:\CLionPro\CLionProjects\OpengLGame2\3rd\assimp\include -ID:\CLionPro\CLionProjects\OpengLGame2\3rd\freetype\include -ID:\CLionPro\CLionProjects\OpengLGame2\3rd\imgui\include /DWIN32 /D_WINDOWS /EHsc /Ob0 /Od /RTC1 -MDd -Zi /showIncludes /FoCMakeFiles\OpenGLGame2.dir\src\mShoot.cpp.obj /FdCMakeFiles\OpenGLGame2.dir\ /FS -c D:\CLionPro\CLionProjects\OpengLGame2\src\mShoot.cpp
D:\CLionPro\CLionProjects\OpengLGame2\include\glm\detail/_fixes.hpp(1): fatal error C1083: 无法打开包括文件: “cmath”: No such file or directory
[7/14] Building CXX object CMakeFiles\OpenGLGame2.dir\src\imgui_impl_opengl3.cpp.obj
FAILED: CMakeFiles/OpenGLGame2.dir/src/imgui_impl_opengl3.cpp.obj 
D:\vs\vs2022\VC\Tools\MSVC\14.42.34433\bin\Hostx64\x64\cl.exe  /nologo /TP  -ID:\CLionPro\CLionProjects\OpengLGame2\include -ID:\CLionPro\CLionProjects\OpengLGame2\src -ID:\CLionPro\CLionProjects\OpengLGame2\3rd\glfw3\include -ID:\CLionPro\CLionProjects\OpengLGame2\3rd\assimp\include -ID:\CLionPro\CLionProjects\OpengLGame2\3rd\freetype\include -ID:\CLionPro\CLionProjects\OpengLGame2\3rd\imgui\include /DWIN32 /D_WINDOWS /EHsc /Ob0 /Od /RTC1 -MDd -Zi /showIncludes /FoCMakeFiles\OpenGLGame2.dir\src\imgui_impl_opengl3.cpp.obj /FdCMakeFiles\OpenGLGame2.dir\ /FS -c D:\CLionPro\CLionProjects\OpengLGame2\src\imgui_impl_opengl3.cpp
D:\CLionPro\CLionProjects\OpengLGame2\3rd\imgui\include\imgui.h(73): fatal error C1083: 无法打开包括文件: “float.h”: No such file or directory
[8/14] Building CXX object CMakeFiles\OpenGLGame2.dir\src\myGame.cpp.obj
FAILED: CMakeFiles/OpenGLGame2.dir/src/myGame.cpp.obj 
D:\vs\vs2022\VC\Tools\MSVC\14.42.34433\bin\Hostx64\x64\cl.exe  /nologo /TP  -ID:\CLionPro\CLionProjects\OpengLGame2\include -ID:\CLionPro\CLionProjects\OpengLGame2\src -ID:\CLionPro\CLionProjects\OpengLGame2\3rd\glfw3\include -ID:\CLionPro\CLionProjects\OpengLGame2\3rd\assimp\include -ID:\CLionPro\CLionProjects\OpengLGame2\3rd\freetype\include -ID:\CLionPro\CLionProjects\OpengLGame2\3rd\imgui\include /DWIN32 /D_WINDOWS /EHsc /Ob0 /Od /RTC1 -MDd -Zi /showIncludes /FoCMakeFiles\OpenGLGame2.dir\src\myGame.cpp.obj /FdCMakeFiles\OpenGLGame2.dir\ /FS -c D:\CLionPro\CLionProjects\OpengLGame2\src\myGame.cpp
D:\CLionPro\CLionProjects\OpengLGame2\src\myGame.cpp(1): warning C4819: 该文件包含不能在当前代码页(936)中表示的字符。请将该文件保存为 Unicode 格式以防止数据丢失
D:\CLionPro\CLionProjects\OpengLGame2\3rd\glfw3\include\GLFW/glfw3.h(103): fatal error C1083: 无法打开包括文件: “stddef.h”: No such file or directory
[9/14] Building CXX object CMakeFiles\OpenGLGame2.dir\src\mFloor.cpp.obj
FAILED: CMakeFiles/OpenGLGame2.dir/src/mFloor.cpp.obj 
D:\vs\vs2022\VC\Tools\MSVC\14.42.34433\bin\Hostx64\x64\cl.exe  /nologo /TP  -ID:\CLionPro\CLionProjects\OpengLGame2\include -ID:\CLionPro\CLionProjects\OpengLGame2\src -ID:\CLionPro\CLionProjects\OpengLGame2\3rd\glfw3\include -ID:\CLionPro\CLionProjects\OpengLGame2\3rd\assimp\include -ID:\CLionPro\CLionProjects\OpengLGame2\3rd\freetype\include -ID:\CLionPro\CLionProjects\OpengLGame2\3rd\imgui\include /DWIN32 /D_WINDOWS /EHsc /Ob0 /Od /RTC1 -MDd -Zi /showIncludes /FoCMakeFiles\OpenGLGame2.dir\src\mFloor.cpp.obj /FdCMakeFiles\OpenGLGame2.dir\ /FS -c D:\CLionPro\CLionProjects\OpengLGame2\src\mFloor.cpp
D:\CLionPro\CLionProjects\OpengLGame2\include\glm\detail/_fixes.hpp(1): fatal error C1083: 无法打开包括文件: “cmath”: No such file or directory
[10/14] Building CXX object CMakeFiles\OpenGLGame2.dir\src\mModel.cpp.obj
FAILED: CMakeFiles/OpenGLGame2.dir/src/mModel.cpp.obj 
D:\vs\vs2022\VC\Tools\MSVC\14.42.34433\bin\Hostx64\x64\cl.exe  /nologo /TP  -ID:\CLionPro\CLionProjects\OpengLGame2\include -ID:\CLionPro\CLionProjects\OpengLGame2\src -ID:\CLionPro\CLionProjects\OpengLGame2\3rd\glfw3\include -ID:\CLionPro\CLionProjects\OpengLGame2\3rd\assimp\include -ID:\CLionPro\CLionProjects\OpengLGame2\3rd\freetype\include -ID:\CLionPro\CLionProjects\OpengLGame2\3rd\imgui\include /DWIN32 /D_WINDOWS /EHsc /Ob0 /Od /RTC1 -MDd -Zi /showIncludes /FoCMakeFiles\OpenGLGame2.dir\src\mModel.cpp.obj /FdCMakeFiles\OpenGLGame2.dir\ /FS -c D:\CLionPro\CLionProjects\OpengLGame2\src\mModel.cpp
D:\CLionPro\CLionProjects\OpengLGame2\include\glm\detail/_fixes.hpp(1): fatal error C1083: 无法打开包括文件: “cmath”: No such file or directory
[11/14] Building CXX object CMakeFiles\OpenGLGame2.dir\src\model.cpp.obj
FAILED: CMakeFiles/OpenGLGame2.dir/src/model.cpp.obj 
D:\vs\vs2022\VC\Tools\MSVC\14.42.34433\bin\Hostx64\x64\cl.exe  /nologo /TP  -ID:\CLionPro\CLionProjects\OpengLGame2\include -ID:\CLionPro\CLionProjects\OpengLGame2\src -ID:\CLionPro\CLionProjects\OpengLGame2\3rd\glfw3\include -ID:\CLionPro\CLionProjects\OpengLGame2\3rd\assimp\include -ID:\CLionPro\CLionProjects\OpengLGame2\3rd\freetype\include -ID:\CLionPro\CLionProjects\OpengLGame2\3rd\imgui\include /DWIN32 /D_WINDOWS /EHsc /Ob0 /Od /RTC1 -MDd -Zi /showIncludes /FoCMakeFiles\OpenGLGame2.dir\src\model.cpp.obj /FdCMakeFiles\OpenGLGame2.dir\ /FS -c D:\CLionPro\CLionProjects\OpengLGame2\src\model.cpp
D:\CLionPro\CLionProjects\OpengLGame2\include\glm\detail/_fixes.hpp(1): fatal error C1083: 无法打开包括文件: “cmath”: No such file or directory
[12/14] Building CXX object CMakeFiles\OpenGLGame2.dir\src\mText.cpp.obj
FAILED: CMakeFiles/OpenGLGame2.dir/src/mText.cpp.obj 
D:\vs\vs2022\VC\Tools\MSVC\14.42.34433\bin\Hostx64\x64\cl.exe  /nologo /TP  -ID:\CLionPro\CLionProjects\OpengLGame2\include -ID:\CLionPro\CLionProjects\OpengLGame2\src -ID:\CLionPro\CLionProjects\OpengLGame2\3rd\glfw3\include -ID:\CLionPro\CLionProjects\OpengLGame2\3rd\assimp\include -ID:\CLionPro\CLionProjects\OpengLGame2\3rd\freetype\include -ID:\CLionPro\CLionProjects\OpengLGame2\3rd\imgui\include /DWIN32 /D_WINDOWS /EHsc /Ob0 /Od /RTC1 -MDd -Zi /showIncludes /FoCMakeFiles\OpenGLGame2.dir\src\mText.cpp.obj /FdCMakeFiles\OpenGLGame2.dir\ /FS -c D:\CLionPro\CLionProjects\OpengLGame2\src\mText.cpp
D:\CLionPro\CLionProjects\OpengLGame2\include\glm\detail/_fixes.hpp(1): fatal error C1083: 无法打开包括文件: “cmath”: No such file or directory
[13/14] Building CXX object CMakeFiles\OpenGLGame2.dir\src\lan_util.cpp.obj
FAILED: CMakeFiles/OpenGLGame2.dir/src/lan_util.cpp.obj 
D:\vs\vs2022\VC\Tools\MSVC\14.42.34433\bin\Hostx64\x64\cl.exe  /nologo /TP  -ID:\CLionPro\CLionProjects\OpengLGame2\include -ID:\CLionPro\CLionProjects\OpengLGame2\src -ID:\CLionPro\CLionProjects\OpengLGame2\3rd\glfw3\include -ID:\CLionPro\CLionProjects\OpengLGame2\3rd\assimp\include -ID:\CLionPro\CLionProjects\OpengLGame2\3rd\freetype\include -ID:\CLionPro\CLionProjects\OpengLGame2\3rd\imgui\include /DWIN32 /D_WINDOWS /EHsc /Ob0 /Od /RTC1 -MDd -Zi /showIncludes /FoCMakeFiles\OpenGLGame2.dir\src\lan_util.cpp.obj /FdCMakeFiles\OpenGLGame2.dir\ /FS -c D:\CLionPro\CLionProjects\OpengLGame2\src\lan_util.cpp
D:\CLionPro\CLionProjects\OpengLGame2\src\lan_util.cpp(1): warning C4819: 该文件包含不能在当前代码页(936)中表示的字符。请将该文件保存为 Unicode 格式以防止数据丢失
D:\CLionPro\CLionProjects\OpengLGame2\include\lan_util.h(2): fatal error C1083: 无法打开包括文件: “string”: No such file or directory
ninja: build stopped: subcommand failed.
